<?xml version="1.0" encoding="UTF-8"?>
<!-- Generated by org.testng.reporters.JUnitReportReporter -->
<testsuite hostname="NTB-202" failures="0" tests="2" name="cucumber.Options.TestRunner" time="10.311" errors="0" timestamp="2023-04-22T22:29:58 CEST" skipped="0">
  <testcase classname="cucumber.Options.TestRunner" name="runScenario" time="7.794"/>
  <system-out/>
  <testcase classname="cucumber.Options.TestRunner" name="runScenario" time="2.517"/>
  <system-out/>
</testsuite> <!-- cucumber.Options.TestRunner -->
