<?xml version="1.0" encoding="UTF-8"?>
<!-- Generated by org.testng.reporters.JUnitReportReporter -->
<testsuite hostname="NTB-202" failures="0" tests="1" name="bdd.MyAPIFramework.AppTest" time="0.049" errors="0" timestamp="2023-04-22T22:29:58 CEST" skipped="0">
  <testcase classname="bdd.MyAPIFramework.AppTest" name="shouldAnswerWithTrue" time="0.049"/>
  <system-out/>
</testsuite> <!-- bdd.MyAPIFramework.AppTest -->
