<?xml version="1.0" encoding="UTF-8"?>
<!-- Generated by org.testng.reporters.JUnitReportReporter -->
<testsuite hostname="NTB-202" failures="0" tests="2" name="cucumber.Options.TestRunner" time="9.601" errors="0" timestamp="2023-05-04T16:14:16 CEST" skipped="0">
  <testcase classname="cucumber.Options.TestRunner" name="runScenario" time="2.287"/>
  <system-out/>
  <testcase classname="cucumber.Options.TestRunner" name="runScenario" time="7.314"/>
  <system-out/>
</testsuite> <!-- cucumber.Options.TestRunner -->
